{"level":"info","message":"⌛ Building environment","timeElapsed":423,"timestamp":"2024-10-11T13:48:58.577Z"}
{"level":"info","message":"onRequest - WORKSPACE_URI:file:///c%3A/Users/delfi/OneDrive%20-%20UTN.BA/UTN/2do/Paradigmas/Paradigmas%20RepoValenchu/Objetos","timestamp":"2024-10-11T13:48:58.603Z"}
{"level":"info","message":"⌛ Building environment","timeElapsed":255,"timestamp":"2024-10-11T13:48:58.860Z"}
{"level":"info","message":"⌛ Building environment","timeElapsed":173,"timestamp":"2024-10-11T13:48:59.037Z"}
{"level":"info","message":"⌛ Building environment","timeElapsed":223,"timestamp":"2024-10-11T13:48:59.262Z"}
{"level":"info","message":"⌛ Building environment","timeElapsed":255,"timestamp":"2024-10-11T13:48:59.520Z"}
{"level":"info","message":"⌛ Building environment","timeElapsed":147,"timestamp":"2024-10-11T13:48:59.668Z"}
{"level":"info","message":"⌛ Building environment","timeElapsed":106,"timestamp":"2024-10-11T13:48:59.776Z"}
{"level":"info","message":"⌛ Validating Parciales/jaloguin/Barrio.wlk","timeElapsed":434,"timestamp":"2024-10-11T13:49:00.219Z"}
{"level":"info","message":"⌛ Building environment","timeElapsed":251,"timestamp":"2024-10-11T13:49:00.472Z"}
{"level":"info","message":"⌛ Building environment","timeElapsed":210,"timestamp":"2024-10-11T13:49:00.703Z"}
{"level":"info","message":"⌛ Validating Pr%C3%A1ctica/gameflix/Suscripciones.wlk","timeElapsed":215,"timestamp":"2024-10-11T13:49:00.918Z"}
{"level":"info","message":"⌛ Building environment","timeElapsed":113,"timestamp":"2024-10-11T13:49:01.124Z"}
{"level":"info","message":"⌛ Building environment","timeElapsed":105,"timestamp":"2024-10-11T13:49:01.310Z"}
{"level":"info","message":"⌛ Building environment","timeElapsed":172,"timestamp":"2024-10-11T13:49:01.483Z"}
{"level":"info","message":"⌛ Validating Pr%C3%A1ctica/gameflix/MeQuedeSinPlataException.wlk","timeElapsed":170,"timestamp":"2024-10-11T13:49:01.660Z"}
{"level":"info","message":"⌛ Building environment","timeElapsed":107,"timestamp":"2024-10-11T13:49:01.768Z"}
{"level":"info","message":"⌛ Building environment","timeElapsed":109,"timestamp":"2024-10-11T13:49:01.878Z"}
{"level":"info","message":"⌛ Building environment","timeElapsed":142,"timestamp":"2024-10-11T13:49:02.020Z"}
{"level":"info","message":"⌛ Building environment","timeElapsed":133,"timestamp":"2024-10-11T13:49:02.154Z"}
{"level":"info","message":"⌛ Validating Pr%C3%A1ctica/gameflix/Juego.wlk","timeElapsed":102,"timestamp":"2024-10-11T13:49:02.537Z"}
{"level":"info","message":"⌛ Building environment","timeElapsed":104,"timestamp":"2024-10-11T13:49:02.642Z"}
{"level":"info","message":"⌛ Validating Pr%C3%A1ctica/gameflix/gameflix.wlk","timeElapsed":146,"timestamp":"2024-10-11T13:49:02.788Z"}
{"level":"info","message":"⌛ Validating Pr%C3%A1ctica/gameflix/Cliente.wlk","timeElapsed":232,"timestamp":"2024-10-11T13:49:03.021Z"}
{"level":"info","message":"⌛ Validating Parciales/jaloguin/Barrio.wlk","timeElapsed":133,"timestamp":"2024-10-11T13:49:03.155Z"}
{"level":"info","message":"⌛ Validating Pr%C3%A1ctica/gameflix/Suscripciones.wlk","timeElapsed":105,"timestamp":"2024-10-11T13:49:03.260Z"}
{"level":"info","message":"⌛ Validating Pr%C3%A1ctica/gameflix/MeQuedeSinPlataException.wlk","timeElapsed":107,"timestamp":"2024-10-11T13:49:03.367Z"}
{"level":"info","message":"⌛ Validating Pr%C3%A1ctica/gameflix/Juego.wlk","timeElapsed":109,"timestamp":"2024-10-11T13:49:03.476Z"}
{"level":"info","message":"⌛ Validating Pr%C3%A1ctica/gameflix/gameflix.wlk","timeElapsed":111,"timestamp":"2024-10-11T13:49:03.588Z"}
{"level":"info","message":"⌛ Validating Pr%C3%A1ctica/gameflix/Cliente.wlk","timeElapsed":105,"timestamp":"2024-10-11T13:49:03.694Z"}
{"level":"info","message":"⌛ Validating Parciales/jaloguin/Personas.wlk","timeElapsed":130,"timestamp":"2024-10-11T13:49:03.824Z"}
{"level":"info","message":"⌛ Validating Parciales/jaloguin/Legion.wlk","timeElapsed":162,"timestamp":"2024-10-11T13:49:03.986Z"}
{"level":"info","message":"⌛ Validating Parciales/jaloguin/Elementos.wlk","timeElapsed":141,"timestamp":"2024-10-11T13:49:04.129Z"}
{"level":"info","message":"⌛ Validating Parciales/jaloguin/CantidadIncorrectaException.wlk","timeElapsed":123,"timestamp":"2024-10-11T13:49:04.253Z"}
{"level":"info","message":"⌛ Validating Clases/03/veteriania.wlk","timeElapsed":152,"timestamp":"2024-10-11T13:49:04.408Z"}
{"level":"info","message":"⌛ Validating Pr%C3%A1ctica/seDiceAtomico_Lucas/testExample.wtest","timeElapsed":149,"timestamp":"2024-10-11T13:49:04.557Z"}
{"level":"info","message":"⌛ Validating Pr%C3%A1ctica/seDiceAtomico_Lucas/seDiceAtomico.wlk","timeElapsed":224,"timestamp":"2024-10-11T13:49:04.782Z"}
{"level":"info","message":"⌛ Validating Pr%C3%A1ctica/seDiceAtomico/testCentrales.wtest","timeElapsed":214,"timestamp":"2024-10-11T13:49:04.997Z"}
{"level":"info","message":"⌛ Validating Pr%C3%A1ctica/seDiceAtomico/centrales.wlk","timeElapsed":152,"timestamp":"2024-10-11T13:49:05.149Z"}
{"level":"info","message":"⌛ Validating Clases/03/animales.wlk","timeElapsed":156,"timestamp":"2024-10-11T13:49:05.306Z"}
{"level":"info","message":"⌛ Validating Clases/03/testAnimales/testAnimal.wtest","timeElapsed":138,"timestamp":"2024-10-11T13:49:05.444Z"}
{"level":"info","message":"⌛ Validating Clases/02/videojuegos.wlk","timeElapsed":124,"timestamp":"2024-10-11T13:49:05.569Z"}
{"level":"info","message":"⌛ Validating Clases/02/tomJerry.wlk","timeElapsed":159,"timestamp":"2024-10-11T13:49:05.730Z"}
{"level":"info","message":"⌛ Validating Clases/01/queFiesta.wlk","timeElapsed":170,"timestamp":"2024-10-11T13:49:05.900Z"}
{"level":"info","message":"⌛ Building environment","timeElapsed":103,"timestamp":"2024-10-11T13:51:02.333Z"}
{"level":"info","message":"⌛ Validating Parciales/jaloguin/Barrio.wlk","timeElapsed":191,"timestamp":"2024-10-11T13:51:02.559Z"}
